<?xml version="1.0" encoding="UTF-8"?>
<!-- Generated by org.testng.reporters.JUnitXMLReporter -->
<testsuite ignored="0" hostname="DESKTOP-73G0TGN" failures="0" tests="3" name="Default test" time="0.208" errors="0" timestamp="2023-08-24T21:47:58 IST">
  <testcase classname="testng.Priority" name="productPage" time="0.033"/>
  <testcase classname="testng.Priority" name="login" time="0.007"/>
  <testcase classname="testng.Priority" name="homePage" time="0.004"/>
</testsuite> <!-- Default test -->
