<?xml version="1.0" encoding="UTF-8"?>
<testng-results ignored="0" total="2" passed="2" failed="0" skipped="0">
  <reporter-output>
  </reporter-output>
  <suite started-at="2023-08-31T19:11:37 IST" name="Default suite" finished-at="2023-08-31T19:11:38 IST" duration-ms="257">
    <groups>
    </groups>
    <test started-at="2023-08-31T19:11:37 IST" name="Default test" finished-at="2023-08-31T19:11:38 IST" duration-ms="257">
      <class name="dataProvider.DataProviderParametrization">
        <test-method signature="testCase(java.lang.Integer,java.lang.String)[pri:0, instance:dataProvider.DataProviderParametrization@74ea2410]" started-at="2023-08-31T19:11:38 IST" name="testCase" data-provider="testData" finished-at="2023-08-31T19:11:38 IST" duration-ms="30" status="PASS">
          <params>
            <param index="0">
              <value>
                <![CDATA[100]]>
              </value>
            </param>
            <param index="1">
              <value>
                <![CDATA[username]]>
              </value>
            </param>
          </params>
          <reporter-output>
          </reporter-output>
        </test-method> <!-- testCase -->
        <test-method signature="testCase(java.lang.Integer,java.lang.String)[pri:0, instance:dataProvider.DataProviderParametrization@74ea2410]" started-at="2023-08-31T19:11:38 IST" name="testCase" data-provider="testData" finished-at="2023-08-31T19:11:38 IST" duration-ms="10" status="PASS">
          <params>
            <param index="0">
              <value>
                <![CDATA[300]]>
              </value>
            </param>
            <param index="1">
              <value>
                <![CDATA[password]]>
              </value>
            </param>
          </params>
          <reporter-output>
          </reporter-output>
        </test-method> <!-- testCase -->
      </class> <!-- dataProvider.DataProviderParametrization -->
    </test> <!-- Default test -->
  </suite> <!-- Default suite -->
</testng-results>
