<?xml version="1.0" encoding="UTF-8"?>
<testng-results ignored="0" total="1" passed="1" failed="0" skipped="0">
  <reporter-output>
  </reporter-output>
  <suite started-at="2023-09-05T19:38:58 IST" name="Default suite" finished-at="2023-09-05T19:39:46 IST" duration-ms="47556">
    <groups>
    </groups>
    <test started-at="2023-09-05T19:38:58 IST" name="Default test" finished-at="2023-09-05T19:39:46 IST" duration-ms="47556">
      <class name="screenshot.CapturedScreenShot">
        <test-method signature="browserLaunch()[pri:0, instance:screenshot.CapturedScreenShot@2e8c1c9b]" started-at="2023-09-05T19:38:58 IST" name="browserLaunch" finished-at="2023-09-05T19:39:46 IST" duration-ms="47409" status="PASS">
          <reporter-output>
          </reporter-output>
        </test-method> <!-- browserLaunch -->
      </class> <!-- screenshot.CapturedScreenShot -->
    </test> <!-- Default test -->
  </suite> <!-- Default suite -->
</testng-results>
